Determining if the pthread_create exist failed with the following output:
Change Dir: /home/cby/PCL_ws/build/CMakeFiles/CMakeTmp

Run Build Command:"/usr/bin/make" "cmTC_21476/fast"
/usr/bin/make -f CMakeFiles/cmTC_21476.dir/build.make CMakeFiles/cmTC_21476.dir/build
make[1]: 进入目录“/home/cby/PCL_ws/build/CMakeFiles/CMakeTmp”
Building C object CMakeFiles/cmTC_21476.dir/CheckSymbolExists.c.o
/usr/bin/cc    -o CMakeFiles/cmTC_21476.dir/CheckSymbolExists.c.o   -c /home/cby/PCL_ws/build/CMakeFiles/CMakeTmp/CheckSymbolExists.c
Linking C executable cmTC_21476
/usr/bin/cmake -E cmake_link_script CMakeFiles/cmTC_21476.dir/link.txt --verbose=1
/usr/bin/cc      -rdynamic CMakeFiles/cmTC_21476.dir/CheckSymbolExists.c.o  -o cmTC_21476 
CMakeFiles/cmTC_21476.dir/CheckSymbolExists.c.o：在函数‘main’中：
CheckSymbolExists.c:(.text+0x1b)：对‘pthread_create’未定义的引用
collect2: error: ld returned 1 exit status
CMakeFiles/cmTC_21476.dir/build.make:97: recipe for target 'cmTC_21476' failed
make[1]: *** [cmTC_21476] Error 1
make[1]: 离开目录“/home/cby/PCL_ws/build/CMakeFiles/CMakeTmp”
Makefile:126: recipe for target 'cmTC_21476/fast' failed
make: *** [cmTC_21476/fast] Error 2

File /home/cby/PCL_ws/build/CMakeFiles/CMakeTmp/CheckSymbolExists.c:
/* */
#include <pthread.h>

int main(int argc, char** argv)
{
  (void)argv;
#ifndef pthread_create
  return ((int*)(&pthread_create))[argc];
#else
  (void)argc;
  return 0;
#endif
}

Determining if the function pthread_create exists in the pthreads failed with the following output:
Change Dir: /home/cby/PCL_ws/build/CMakeFiles/CMakeTmp

Run Build Command:"/usr/bin/make" "cmTC_1f71a/fast"
/usr/bin/make -f CMakeFiles/cmTC_1f71a.dir/build.make CMakeFiles/cmTC_1f71a.dir/build
make[1]: 进入目录“/home/cby/PCL_ws/build/CMakeFiles/CMakeTmp”
Building C object CMakeFiles/cmTC_1f71a.dir/CheckFunctionExists.c.o
/usr/bin/cc   -DCHECK_FUNCTION_EXISTS=pthread_create   -o CMakeFiles/cmTC_1f71a.dir/CheckFunctionExists.c.o   -c /usr/share/cmake-3.10/Modules/CheckFunctionExists.c
Linking C executable cmTC_1f71a
/usr/bin/cmake -E cmake_link_script CMakeFiles/cmTC_1f71a.dir/link.txt --verbose=1
/usr/bin/cc  -DCHECK_FUNCTION_EXISTS=pthread_create    -rdynamic CMakeFiles/cmTC_1f71a.dir/CheckFunctionExists.c.o  -o cmTC_1f71a -lpthreads 
/usr/bin/ld: 找不到 -lpthreads
collect2: error: ld returned 1 exit status
CMakeFiles/cmTC_1f71a.dir/build.make:97: recipe for target 'cmTC_1f71a' failed
make[1]: *** [cmTC_1f71a] Error 1
make[1]: 离开目录“/home/cby/PCL_ws/build/CMakeFiles/CMakeTmp”
Makefile:126: recipe for target 'cmTC_1f71a/fast' failed
make: *** [cmTC_1f71a/fast] Error 2


